<?xml version="1.0" encoding="UTF-8"?>
<!-- Generated by org.testng.reporters.JUnitReportReporter -->
<testsuite hostname="L-INE-5BG8XR2" failures="0" tests="1" name="FirstDemo" time="6.597" errors="0" timestamp="2023-09-05T15:48:42 IST" skipped="0">
  <testcase classname="FirstDemo" name="f" time="6.597"/>
</testsuite> <!-- FirstDemo -->
